<?xml version="1.0" encoding="UTF-8"?>
<testsuite name="org.opentcs.kernelcontrolcenter.KernelControlCenterApplicationTest" tests="3" skipped="0" failures="0" errors="0" timestamp="2019-01-31T08:14:31" hostname="DGR-ZISHAN" time="1.031">
  <properties/>
  <testcase name="shouldOnlyConnectOnce" classname="org.opentcs.kernelcontrolcenter.KernelControlCenterApplicationTest" time="1.028"/>
  <testcase name="onlyInitializeOnce" classname="org.opentcs.kernelcontrolcenter.KernelControlCenterApplicationTest" time="0.002"/>
  <testcase name="onlyTerminateOnce" classname="org.opentcs.kernelcontrolcenter.KernelControlCenterApplicationTest" time="0.001"/>
  <system-out><![CDATA[]]></system-out>
  <system-err><![CDATA[Jan 31, 2019 12:14:32 PM org.opentcs.kernelcontrolcenter.KernelControlCenterApplication online
INFO: Switching application state to online...
]]></system-err>
</testsuite>
