<?xml version="1.0" encoding="UTF-8"?>
<testsuite name="org.opentcs.kernelcontrolcenter.KernelControlCenterApplicationTest" tests="3" skipped="0" failures="0" errors="0" timestamp="2019-01-17T06:37:08" hostname="DGR-ZISHAN" time="1.721">
  <properties/>
  <testcase name="shouldOnlyConnectOnce" classname="org.opentcs.kernelcontrolcenter.KernelControlCenterApplicationTest" time="1.716"/>
  <testcase name="onlyInitializeOnce" classname="org.opentcs.kernelcontrolcenter.KernelControlCenterApplicationTest" time="0.002"/>
  <testcase name="onlyTerminateOnce" classname="org.opentcs.kernelcontrolcenter.KernelControlCenterApplicationTest" time="0.002"/>
  <system-out><![CDATA[]]></system-out>
  <system-err><![CDATA[Jan 17, 2019 10:37:10 AM org.opentcs.kernelcontrolcenter.KernelControlCenterApplication online
INFO: Switching application state to online...
]]></system-err>
</testsuite>
