<?xml version="1.0" encoding="UTF-8"?>
<testsuite name="org.opentcs.documentation.WithdrawTransportOrderTest" tests="2" skipped="0" failures="0" errors="0" timestamp="2019-01-17T06:37:01" hostname="DGR-ZISHAN" time="0.007">
  <properties/>
  <testcase name="shouldWithdrawTransportOrder" classname="org.opentcs.documentation.WithdrawTransportOrderTest" time="0.001"/>
  <testcase name="shouldWithdrawTransportOrderByVehicle" classname="org.opentcs.documentation.WithdrawTransportOrderTest" time="0.006"/>
  <system-out><![CDATA[]]></system-out>
  <system-err><![CDATA[]]></system-err>
</testsuite>
