<?xml version="1.0" encoding="UTF-8"?>
<testsuite name="org.opentcs.kernel.KernelStateOperatingTest" tests="4" skipped="0" failures="0" errors="0" timestamp="2019-01-17T06:37:02" hostname="DGR-ZISHAN" time="2.082">
  <properties/>
  <testcase name="shouldInitializeExtensionsAndComponents" classname="org.opentcs.kernel.KernelStateOperatingTest" time="1.074"/>
  <testcase name="terminateKernelWithVehiclesAsUnavailable" classname="org.opentcs.kernel.KernelStateOperatingTest" time="0.504"/>
  <testcase name="initializeKernelWithVehiclesAsUnavailable" classname="org.opentcs.kernel.KernelStateOperatingTest" time="0.002"/>
  <testcase name="shouldTerminateExtensionsAndComponents" classname="org.opentcs.kernel.KernelStateOperatingTest" time="0.501"/>
  <system-out><![CDATA[]]></system-out>
  <system-err><![CDATA[]]></system-err>
</testsuite>
