<?xml version="1.0" encoding="UTF-8"?>
<testsuite name="org.opentcs.documentation.CreateTransportOrderSequenceTest" tests="1" skipped="0" failures="0" errors="0" timestamp="2019-01-31T08:14:25" hostname="DGR-ZISHAN" time="0.428">
  <properties/>
  <testcase name="shouldCreateTransportOrderSequence" classname="org.opentcs.documentation.CreateTransportOrderSequenceTest" time="0.428"/>
  <system-out><![CDATA[]]></system-out>
  <system-err><![CDATA[]]></system-err>
</testsuite>
