<?xml version="1.0" encoding="UTF-8"?>
<testsuite name="org.opentcs.kernel.workingset.ModelTest" tests="1" skipped="0" failures="0" errors="0" timestamp="2019-01-31T08:14:28" hostname="DGR-ZISHAN" time="0.024">
  <properties/>
  <testcase name="testGlobalPoolSynchronicity" classname="org.opentcs.kernel.workingset.ModelTest" time="0.024"/>
  <system-out><![CDATA[]]></system-out>
  <system-err><![CDATA[]]></system-err>
</testsuite>
