<?xml version="1.0" encoding="UTF-8"?>
<testsuite name="org.opentcs.kernel.workingset.NotificationBufferTest" tests="2" skipped="0" failures="0" errors="0" timestamp="2019-01-31T08:14:28" hostname="DGR-ZISHAN" time="0.008">
  <properties/>
  <testcase name="testCapacityAndCutBackCount" classname="org.opentcs.kernel.workingset.NotificationBufferTest" time="0.007"/>
  <testcase name="testMessageCountValidity" classname="org.opentcs.kernel.workingset.NotificationBufferTest" time="0.001"/>
  <system-out><![CDATA[]]></system-out>
  <system-err><![CDATA[]]></system-err>
</testsuite>
