<?xml version="1.0" encoding="UTF-8"?>
<testsuite name="org.opentcs.kernel.extensions.xmlhost.orders.binding.TCSResponseSetTest" tests="2" skipped="0" failures="0" errors="0" timestamp="2019-01-17T06:37:02" hostname="DGR-ZISHAN" time="0.027">
  <properties/>
  <testcase name="shouldOutputSampleScriptResponseSet" classname="org.opentcs.kernel.extensions.xmlhost.orders.binding.TCSResponseSetTest" time="0.02"/>
  <testcase name="shouldOutputSampleResponseSet" classname="org.opentcs.kernel.extensions.xmlhost.orders.binding.TCSResponseSetTest" time="0.007"/>
  <system-out><![CDATA[]]></system-out>
  <system-err><![CDATA[Jan 17, 2019 10:37:02 AM org.opentcs.kernel.extensions.xmlhost.orders.binding.TCSResponseSetTest shouldOutputSampleScriptResponseSet
INFO: <?xml version="1.0" encoding="UTF-8" standalone="yes"?>
<tcsResponseSet>
    <response xsi:type="scriptResponse" parsingSuccessful="true" id="test.tcs" xmlns:xsi="http://www.w3.org/2001/XMLSchema-instance">
        <transport executionSuccessful="true" orderName="TOrder-0003" id="test.tcs"/>
        <transport executionSuccessful="true" orderName="TOrder-0004" id="test.tcs"/>
    </response>
</tcsResponseSet>

Jan 17, 2019 10:37:02 AM org.opentcs.kernel.extensions.xmlhost.orders.binding.TCSResponseSetTest shouldOutputSampleResponseSet
INFO: <?xml version="1.0" encoding="UTF-8" standalone="yes"?>
<tcsResponseSet>
    <response xsi:type="transportResponse" executionSuccessful="true" orderName="TOrder-0001" id="TransportOrder-01" xmlns:xsi="http://www.w3.org/2001/XMLSchema-instance"/>
    <response xsi:type="transportResponse" executionSuccessful="true" orderName="TOrder-0002" id="TransportOrder-02" xmlns:xsi="http://www.w3.org/2001/XMLSchema-instance"/>
</tcsResponseSet>

]]></system-err>
</testsuite>
