<?xml version="1.0" encoding="UTF-8"?>
<testsuite name="org.opentcs.kernel.extensions.servicewebapi.v1.status.filter.VehicleFilterTest" tests="2" skipped="0" failures="0" errors="0" timestamp="2019-01-17T06:37:01" hostname="DGR-ZISHAN" time="0.002">
  <properties/>
  <testcase name="detectsIdleVehicles" classname="org.opentcs.kernel.extensions.servicewebapi.v1.status.filter.VehicleFilterTest" time="0.001"/>
  <testcase name="acceptsAllForNoParams" classname="org.opentcs.kernel.extensions.servicewebapi.v1.status.filter.VehicleFilterTest" time="0.001"/>
  <system-out><![CDATA[]]></system-out>
  <system-err><![CDATA[]]></system-err>
</testsuite>
