<?xml version="1.0" encoding="UTF-8"?>
<testsuite name="org.opentcs.documentation.WithdrawTransportOrderTest" tests="2" skipped="0" failures="0" errors="0" timestamp="2019-01-31T08:14:25" hostname="DGR-ZISHAN" time="0.001">
  <properties/>
  <testcase name="shouldWithdrawTransportOrder" classname="org.opentcs.documentation.WithdrawTransportOrderTest" time="0.0"/>
  <testcase name="shouldWithdrawTransportOrderByVehicle" classname="org.opentcs.documentation.WithdrawTransportOrderTest" time="0.001"/>
  <system-out><![CDATA[]]></system-out>
  <system-err><![CDATA[]]></system-err>
</testsuite>
