<?xml version="1.0" encoding="UTF-8"?>
<testsuite name="org.opentcs.kernel.extensions.servicewebapi.AuthenticatorTest" tests="3" skipped="0" failures="0" errors="0" timestamp="2019-01-31T08:14:26" hostname="DGR-ZISHAN" time="0.09">
  <properties/>
  <testcase name="allowRequestIfCorrectAccessKeyGiven" classname="org.opentcs.kernel.extensions.servicewebapi.AuthenticatorTest" time="0.088"/>
  <testcase name="allowRequestsIfNoAccessKeyConfigured" classname="org.opentcs.kernel.extensions.servicewebapi.AuthenticatorTest" time="0.0"/>
  <testcase name="disallowRequestIfWrongAccessKeyGiven" classname="org.opentcs.kernel.extensions.servicewebapi.AuthenticatorTest" time="0.001"/>
  <system-out><![CDATA[]]></system-out>
  <system-err><![CDATA[]]></system-err>
</testsuite>
