<?xml version="1.0" encoding="UTF-8"?>
<testsuite name="org.opentcs.util.ColorsTest" tests="2" skipped="0" failures="0" errors="0" timestamp="2019-01-17T06:36:48" hostname="DGR-ZISHAN" time="0.017">
  <properties/>
  <testcase name="testDecodeFromHexRGB" classname="org.opentcs.util.ColorsTest" time="0.016"/>
  <testcase name="testEncodeToHexRGB" classname="org.opentcs.util.ColorsTest" time="0.0"/>
  <system-out><![CDATA[]]></system-out>
  <system-err><![CDATA[]]></system-err>
</testsuite>
