<?xml version="1.0" encoding="UTF-8"?>
<testsuite name="org.opentcs.util.gui.StringTableCellRendererTest" tests="2" skipped="0" failures="0" errors="0" timestamp="2019-01-31T07:07:08" hostname="DGR-ZISHAN" time="0.001">
  <properties/>
  <testcase name="returnsNullForNullValue" classname="org.opentcs.util.gui.StringTableCellRendererTest" time="0.0"/>
  <testcase name="returnsLabelWithNameAsText" classname="org.opentcs.util.gui.StringTableCellRendererTest" time="0.0"/>
  <system-out><![CDATA[]]></system-out>
  <system-err><![CDATA[]]></system-err>
</testsuite>
