<?xml version="1.0" encoding="UTF-8"?>
<testsuite name="org.opentcs.data.order.OrderSerializationTest" tests="2" skipped="0" failures="0" errors="0" timestamp="2019-01-31T07:07:04" hostname="DGR-ZISHAN" time="0.012">
  <properties/>
  <testcase name="shouldSerializeAndDeserializeTransportOrder" classname="org.opentcs.data.order.OrderSerializationTest" time="0.01"/>
  <testcase name="shouldSerializeAndDeserializeOrderSequence" classname="org.opentcs.data.order.OrderSerializationTest" time="0.002"/>
  <system-out><![CDATA[]]></system-out>
  <system-err><![CDATA[]]></system-err>
</testsuite>
