<?xml version="1.0" encoding="UTF-8"?>
<testsuite name="org.opentcs.access.rmi.RemoteKernelTest" tests="1" skipped="0" failures="0" errors="0" timestamp="2019-01-17T06:36:40" hostname="DGR-ZISHAN" time="0.035">
  <properties/>
  <testcase name="shouldMapAllMethodsInKernelInterface" classname="org.opentcs.access.rmi.RemoteKernelTest" time="0.035"/>
  <system-out><![CDATA[]]></system-out>
  <system-err><![CDATA[]]></system-err>
</testsuite>
