<?xml version="1.0" encoding="UTF-8"?>
<testsuite name="org.opentcs.strategies.basic.dispatching.ImplicitDispatchTriggerTest" tests="5" skipped="0" failures="0" errors="0" timestamp="2019-01-31T07:07:31" hostname="DGR-ZISHAN" time="0.399">
  <properties/>
  <testcase name="noDispatchWhenNotIdleAndEnergyLevelChanged" classname="org.opentcs.strategies.basic.dispatching.ImplicitDispatchTriggerTest" time="0.394"/>
  <testcase name="dispatchWhenProcStateBecameAwaitingOrder" classname="org.opentcs.strategies.basic.dispatching.ImplicitDispatchTriggerTest" time="0.003"/>
  <testcase name="dispatchWhenIdleAndEnergyLevelChanged" classname="org.opentcs.strategies.basic.dispatching.ImplicitDispatchTriggerTest" time="0.001"/>
  <testcase name="dispatchWhenOrderSequenceNulled" classname="org.opentcs.strategies.basic.dispatching.ImplicitDispatchTriggerTest" time="0.001"/>
  <testcase name="dispatchWhenProcStateBecameIdle" classname="org.opentcs.strategies.basic.dispatching.ImplicitDispatchTriggerTest" time="0.0"/>
  <system-out><![CDATA[]]></system-out>
  <system-err><![CDATA[]]></system-err>
</testsuite>
