<?xml version="1.0" encoding="UTF-8"?>
<testsuite name="org.opentcs.strategies.basic.dispatching.phase.assignment.priorization.CompositeOrderCandidateComparatorTest" tests="3" skipped="0" failures="0" errors="0" timestamp="2019-01-17T06:37:32" hostname="DGR-ZISHAN" time="0.017">
  <properties/>
  <testcase name="sortsByAgeAndName" classname="org.opentcs.strategies.basic.dispatching.phase.assignment.priorization.CompositeOrderCandidateComparatorTest" time="0.013"/>
  <testcase name="sortsByAgeAndNameAndInitialRoutingCost" classname="org.opentcs.strategies.basic.dispatching.phase.assignment.priorization.CompositeOrderCandidateComparatorTest" time="0.002"/>
  <testcase name="sortAlphabeticallyForOtherwiseEqualInstances" classname="org.opentcs.strategies.basic.dispatching.phase.assignment.priorization.CompositeOrderCandidateComparatorTest" time="0.001"/>
  <system-out><![CDATA[]]></system-out>
  <system-err><![CDATA[]]></system-err>
</testsuite>
