<?xml version="1.0" encoding="UTF-8"?>
<testsuite name="org.opentcs.strategies.basic.dispatching.ImplicitDispatchTriggerTest" tests="5" skipped="0" failures="0" errors="0" timestamp="2019-01-17T06:37:31" hostname="DGR-ZISHAN" time="0.508">
  <properties/>
  <testcase name="noDispatchWhenNotIdleAndEnergyLevelChanged" classname="org.opentcs.strategies.basic.dispatching.ImplicitDispatchTriggerTest" time="0.501"/>
  <testcase name="dispatchWhenProcStateBecameAwaitingOrder" classname="org.opentcs.strategies.basic.dispatching.ImplicitDispatchTriggerTest" time="0.004"/>
  <testcase name="dispatchWhenIdleAndEnergyLevelChanged" classname="org.opentcs.strategies.basic.dispatching.ImplicitDispatchTriggerTest" time="0.0"/>
  <testcase name="dispatchWhenOrderSequenceNulled" classname="org.opentcs.strategies.basic.dispatching.ImplicitDispatchTriggerTest" time="0.002"/>
  <testcase name="dispatchWhenProcStateBecameIdle" classname="org.opentcs.strategies.basic.dispatching.ImplicitDispatchTriggerTest" time="0.001"/>
  <system-out><![CDATA[]]></system-out>
  <system-err><![CDATA[]]></system-err>
</testsuite>
