<?xml version="1.0" encoding="UTF-8"?>
<testsuite name="org.opentcs.strategies.basic.dispatching.phase.assignment.priorization.CompositeVehicleCandidateComparatorTest" tests="3" skipped="0" failures="0" errors="0" timestamp="2019-01-17T06:37:32" hostname="DGR-ZISHAN" time="0.005">
  <properties/>
  <testcase name="sortsByNameAndEnergylevel" classname="org.opentcs.strategies.basic.dispatching.phase.assignment.priorization.CompositeVehicleCandidateComparatorTest" time="0.001"/>
  <testcase name="sortsByNameAndRoutingCostAndEnergyLevel" classname="org.opentcs.strategies.basic.dispatching.phase.assignment.priorization.CompositeVehicleCandidateComparatorTest" time="0.002"/>
  <testcase name="sortNamesUpForOtherwiseEqualInstances" classname="org.opentcs.strategies.basic.dispatching.phase.assignment.priorization.CompositeVehicleCandidateComparatorTest" time="0.001"/>
  <system-out><![CDATA[]]></system-out>
  <system-err><![CDATA[]]></system-err>
</testsuite>
