<?xml version="1.0" encoding="UTF-8"?>
<testsuite name="org.opentcs.guing.components.properties.AnglePropertyTest" tests="8" skipped="0" failures="0" errors="0" timestamp="2019-01-17T06:37:21" hostname="DGR-ZISHAN" time="2.722">
  <properties/>
  <testcase name="anglePropertyModulo" classname="org.opentcs.guing.components.properties.AnglePropertyTest" time="2.491"/>
  <testcase name="anglePropertyEmtpy" classname="org.opentcs.guing.components.properties.AnglePropertyTest" time="0.154"/>
  <testcase name="anglePropertyUnits" classname="org.opentcs.guing.components.properties.AnglePropertyTest" time="0.003"/>
  <testcase name="anglePropertyTest" classname="org.opentcs.guing.components.properties.AnglePropertyTest" time="0.004"/>
  <testcase name="anglePropertyUnknownUnit" classname="org.opentcs.guing.components.properties.AnglePropertyTest" time="0.003"/>
  <testcase name="anglePropertyNegativeValue" classname="org.opentcs.guing.components.properties.AnglePropertyTest" time="0.003"/>
  <testcase name="anglePropertyNoBlank" classname="org.opentcs.guing.components.properties.AnglePropertyTest" time="0.003"/>
  <testcase name="anglePropertyConversion" classname="org.opentcs.guing.components.properties.AnglePropertyTest" time="0.061"/>
  <system-out><![CDATA[]]></system-out>
  <system-err><![CDATA[]]></system-err>
</testsuite>
