<?xml version="1.0" encoding="UTF-8"?>
<testsuite name="org.opentcs.guing.components.properties.LengthPropertyTest" tests="7" skipped="0" failures="0" errors="0" timestamp="2019-01-31T07:07:27" hostname="DGR-ZISHAN" time="0.012">
  <properties/>
  <testcase name="coordinatePropertyTest" classname="org.opentcs.guing.components.properties.LengthPropertyTest" time="0.003"/>
  <testcase name="lengthPropertyTest" classname="org.opentcs.guing.components.properties.LengthPropertyTest" time="0.001"/>
  <testcase name="lengthPropertyUnknownUnit" classname="org.opentcs.guing.components.properties.LengthPropertyTest" time="0.001"/>
  <testcase name="lengthPropertyEmtpy" classname="org.opentcs.guing.components.properties.LengthPropertyTest" time="0.001"/>
  <testcase name="lengthPropertyUnits" classname="org.opentcs.guing.components.properties.LengthPropertyTest" time="0.002"/>
  <testcase name="lengthPropertyNegativeValue" classname="org.opentcs.guing.components.properties.LengthPropertyTest" time="0.001"/>
  <testcase name="lengthPropertyNoBlank" classname="org.opentcs.guing.components.properties.LengthPropertyTest" time="0.001"/>
  <system-out><![CDATA[]]></system-out>
  <system-err><![CDATA[]]></system-err>
</testsuite>
