<?xml version="1.0" encoding="UTF-8"?>
<testsuite name="org.opentcs.guing.plugins.panels.allocation.ResourceAllocationPanelTest" tests="6" skipped="0" failures="0" errors="0" timestamp="2019-01-17T06:37:24" hostname="DGR-ZISHAN" time="1.028">
  <properties/>
  <testcase name="testWrongKernelMode" classname="org.opentcs.guing.plugins.panels.allocation.ResourceAllocationPanelTest" time="0.978"/>
  <testcase name="testVehicleCreated" classname="org.opentcs.guing.plugins.panels.allocation.ResourceAllocationPanelTest" time="0.029"/>
  <testcase name="testVehicleRemoved" classname="org.opentcs.guing.plugins.panels.allocation.ResourceAllocationPanelTest" time="0.005"/>
  <testcase name="testNoKernelConnection" classname="org.opentcs.guing.plugins.panels.allocation.ResourceAllocationPanelTest" time="0.004"/>
  <testcase name="testKernelQueryNull" classname="org.opentcs.guing.plugins.panels.allocation.ResourceAllocationPanelTest" time="0.005"/>
  <testcase name="testVehicleUpdateProcessed" classname="org.opentcs.guing.plugins.panels.allocation.ResourceAllocationPanelTest" time="0.005"/>
  <system-out><![CDATA[]]></system-out>
  <system-err><![CDATA[]]></system-err>
</testsuite>
